<?xml version="1.0" encoding="UTF-8" ?>
<testsuite errors="0" failures="0" hostname="amor" name="polynomial.PolyTest" tests="3" time="0.375" timestamp="2009-03-25T10:27:43">
  <properties>
    <property name="java.runtime.name" value="Java(TM) SE Runtime Environment" />
    <property name="sun.boot.library.path" value="C:\Program Files\Java\jdk1.6.0_04\jre\bin" />
    <property name="java.vm.version" value="10.0-b19" />
    <property name="java.vm.vendor" value="Sun Microsystems Inc." />
    <property name="java.vendor.url" value="http://java.sun.com/" />
    <property name="path.separator" value=";" />
    <property name="java.vm.name" value="Java HotSpot(TM) Client VM" />
    <property name="file.encoding.pkg" value="sun.io" />
    <property name="user.country" value="NL" />
    <property name="sun.java.launcher" value="SUN_STANDARD" />
    <property name="sun.os.patch.level" value="Service Pack 3" />
    <property name="java.vm.specification.name" value="Java Virtual Machine Specification" />
    <property name="user.dir" value="F:\onderwijs\OO\2008\opdrachten\polynomial" />
    <property name="java.runtime.version" value="1.6.0_04-b12" />
    <property name="java.awt.graphicsenv" value="sun.awt.Win32GraphicsEnvironment" />
    <property name="java.endorsed.dirs" value="C:\Program Files\Java\jdk1.6.0_04\jre\lib\endorsed" />
    <property name="os.arch" value="x86" />
    <property name="java.io.tmpdir" value="C:\DOCUME~1\Sjaak\LOCALS~1\Temp\" />
    <property name="line.separator" value="
" />
    <property name="java.vm.specification.vendor" value="Sun Microsystems Inc." />
    <property name="user.variant" value="" />
    <property name="os.name" value="Windows XP" />
    <property name="sun.jnu.encoding" value="Cp1252" />
    <property name="java.library.path" value="C:\Program Files\Java\jdk1.6.0_04\bin;.;C:\WINDOWS\Sun\Java\bin;C:\WINDOWS\system32;C:\WINDOWS;C:\Program Files\Java\jdk1.6.0_04\bin;C:\WINDOWS\system32;C:\WINDOWS;C:\WINDOWS\System32\Wbem;C:\Program Files\ATI Technologies\ATI.ACE\" />
    <property name="java.specification.name" value="Java Platform API Specification" />
    <property name="java.class.version" value="50.0" />
    <property name="sun.management.compiler" value="HotSpot Client Compiler" />
    <property name="os.version" value="5.1" />
    <property name="user.home" value="C:\Documents and Settings\Sjaak" />
    <property name="user.timezone" value="" />
    <property name="java.awt.printerjob" value="sun.awt.windows.WPrinterJob" />
    <property name="file.encoding" value="Cp1252" />
    <property name="java.specification.version" value="1.6" />
    <property name="user.name" value="Sjaak" />
    <property name="java.class.path" value="C:\Program Files\NetBeans 6.5\java2\ant\patches\72080.jar;C:\Program Files\NetBeans 6.5\java2\ant\patches\ant-42275.jar;C:\Program Files\NetBeans 6.5\java2\ant\lib\ant.jar;C:\Program Files\NetBeans 6.5\java2\ant\lib\ant-junit.jar;F:\onderwijs\OO\2008\opdrachten\polynomial\build\classes;F:\onderwijs\OO\2008\opdrachten\polynomial\src;C:\Program Files\NetBeans 6.5\platform9\modules\ext\junit-4.5.jar;F:\onderwijs\OO\2008\opdrachten\polynomial\build\test\classes;F:\onderwijs\OO\2008\opdrachten\polynomial\test" />
    <property name="java.vm.specification.version" value="1.0" />
    <property name="sun.arch.data.model" value="32" />
    <property name="java.home" value="C:\Program Files\Java\jdk1.6.0_04\jre" />
    <property name="java.specification.vendor" value="Sun Microsystems Inc." />
    <property name="user.language" value="nl" />
    <property name="awt.toolkit" value="sun.awt.windows.WToolkit" />
    <property name="java.vm.info" value="mixed mode" />
    <property name="java.version" value="1.6.0_04" />
    <property name="java.ext.dirs" value="C:\Program Files\Java\jdk1.6.0_04\jre\lib\ext;C:\WINDOWS\Sun\Java\lib\ext" />
    <property name="sun.boot.class.path" value="C:\Program Files\Java\jdk1.6.0_04\jre\lib\resources.jar;C:\Program Files\Java\jdk1.6.0_04\jre\lib\rt.jar;C:\Program Files\Java\jdk1.6.0_04\jre\lib\sunrsasign.jar;C:\Program Files\Java\jdk1.6.0_04\jre\lib\jsse.jar;C:\Program Files\Java\jdk1.6.0_04\jre\lib\jce.jar;C:\Program Files\Java\jdk1.6.0_04\jre\lib\charsets.jar;C:\Program Files\Java\jdk1.6.0_04\jre\classes" />
    <property name="java.vendor" value="Sun Microsystems Inc." />
    <property name="file.separator" value="\" />
    <property name="java.vendor.url.bug" value="http://java.sun.com/cgi-bin/bugreport.cgi" />
    <property name="sun.cpu.endian" value="little" />
    <property name="sun.io.unicode.encoding" value="UnicodeLittle" />
    <property name="sun.desktop" value="windows" />
    <property name="sun.cpu.isalist" value="pentium_pro+mmx pentium_pro pentium+mmx pentium i486 i386 i86" />
  </properties>
  <testcase classname="polynomial.PolyTest" name="testPlus" time="0.032" />
  <testcase classname="polynomial.PolyTest" name="testMinus" time="0.015" />
  <testcase classname="polynomial.PolyTest" name="testTimes" time="0.0" />
  <system-out><![CDATA[plus
times
]]></system-out>
  <system-err><![CDATA[]]></system-err>
</testsuite>
